Vim: Warning: Output is not to a terminal
Vim: Warning: Input is not from a terminal
Error detected while processing /home/vicente/.vimrc:[?25l[J
line    4:[J
E538: No mouse support: mouse=a[J
line   18:[J
E518: Unknown option: foldmethod=syntax[J
Press ENTER or type command to continue[?12l[?25h[24;1H[mVim: Error reading input, exiting...

Vim: Finished.
[24;1HVim: Warning: Output is not to a terminal
Vim: Warning: Input is not from a terminal
Error detected while processing /home/vicente/.vimrc:[?25l[J
line    4:[J
E538: No mouse support: mouse=a[J
line   18:[J
E518: Unknown option: foldmethod=syntax[J
Press ENTER or type command to continue[?12l[?25h[24;1H[mVim: Error reading input, exiting...

Vim: Finished.
[24;1HVim: Warning: Output is not to a terminal
Vim: Warning: Input is not from a terminal
Error detected while processing /home/vicente/.vimrc:[?25l[J
line    4:[J
E538: No mouse support: mouse=a[J
line   18:[J
E518: Unknown option: foldmethod=syntax[J
Press ENTER or type command to continue[?12l[?25h[24;1H[mVim: Error reading input, exiting...

Vim: Finished.
[24;1H